TN:
SF:src/main/agent-service.ts
FN:10,debugLog
FN:23,getCliJsPath
FN:37,findNodeBin
FN:46,(anonymous_3)
FN:89,getQuery
FN:99,abortCurrentQuery
FN:106,runQuery
FN:156,(anonymous_7)
FN:201,(anonymous_8)
FNF:9
FNH:8
FNDA:25,debugLog
FNDA:7,getCliJsPath
FNDA:7,findNodeBin
FNDA:7,(anonymous_3)
FNDA:8,getQuery
FNDA:9,abortCurrentQuery
FNDA:8,runQuery
FNDA:0,(anonymous_7)
FNDA:1,(anonymous_8)
DA:11,25
DA:12,25
DA:13,25
DA:14,25
DA:24,7
DA:25,0
DA:26,0
DA:27,0
DA:30,7
DA:38,7
DA:39,7
DA:42,7
DA:43,7
DA:44,7
DA:46,7
DA:47,7
DA:48,7
DA:49,7
DA:50,7
DA:52,0
DA:54,7
DA:55,7
DA:56,7
DA:57,7
DA:58,7
DA:66,0
DA:67,0
DA:75,7
DA:76,0
DA:82,0
DA:87,1
DA:90,8
DA:91,1
DA:92,1
DA:94,8
DA:97,1
DA:100,9
DA:101,0
DA:102,0
DA:112,8
DA:113,8
DA:114,8
DA:116,8
DA:118,8
DA:119,8
DA:120,8
DA:121,8
DA:123,8
DA:124,8
DA:125,8
DA:126,1
DA:133,7
DA:134,8
DA:139,8
DA:140,8
DA:141,0
DA:143,7
DA:145,7
DA:147,8
DA:157,0
DA:158,0
DA:165,8
DA:166,8
DA:167,10
DA:169,10
DA:170,10
DA:171,10
DA:173,10
DA:174,5
DA:176,5
DA:180,3
DA:181,3
DA:182,3
DA:185,5
DA:186,1
DA:187,1
DA:188,1
DA:192,5
DA:193,1
DA:194,1
DA:198,10
DA:199,1
DA:200,1
DA:201,1
DA:203,1
DA:204,1
DA:205,1
DA:209,10
DA:210,4
DA:211,4
DA:212,4
DA:216,5
DA:220,5
DA:221,1
DA:222,1
DA:223,1
DA:225,1
DA:228,3
DA:229,2
DA:230,2
DA:231,2
DA:234,8
DA:235,8
DA:239,8
LF:104
LH:91
BRDA:24,0,0,0
BRDA:24,0,1,7
BRDA:38,1,0,7
BRDA:38,1,1,0
BRDA:39,2,0,7
BRDA:39,2,1,0
BRDA:44,3,0,7
BRDA:44,3,1,0
BRDA:50,4,0,7
BRDA:50,4,1,0
BRDA:50,5,0,7
BRDA:50,5,1,0
BRDA:50,6,0,7
BRDA:50,6,1,0
BRDA:50,7,0,7
BRDA:50,7,1,0
BRDA:50,8,0,7
BRDA:50,8,1,0
BRDA:56,9,0,0
BRDA:56,9,1,7
BRDA:58,10,0,7
BRDA:58,10,1,0
BRDA:67,11,0,0
BRDA:67,11,1,0
BRDA:75,12,0,0
BRDA:75,12,1,7
BRDA:75,13,0,7
BRDA:75,13,1,0
BRDA:75,13,2,0
BRDA:90,14,0,1
BRDA:90,14,1,7
BRDA:100,15,0,0
BRDA:100,15,1,9
BRDA:120,16,0,8
BRDA:120,16,1,8
BRDA:125,17,0,1
BRDA:125,17,1,7
BRDA:133,18,0,0
BRDA:133,18,1,7
BRDA:140,19,0,0
BRDA:140,19,1,8
BRDA:145,20,0,7
BRDA:145,20,1,7
BRDA:160,21,0,0
BRDA:160,21,1,7
BRDA:167,22,0,0
BRDA:167,22,1,10
BRDA:173,23,0,5
BRDA:173,23,1,5
BRDA:176,24,0,3
BRDA:176,24,1,2
BRDA:177,25,0,5
BRDA:177,25,1,3
BRDA:185,26,0,1
BRDA:185,26,1,4
BRDA:186,27,0,1
BRDA:186,27,1,0
BRDA:187,28,0,1
BRDA:187,28,1,0
BRDA:192,29,0,1
BRDA:192,29,1,4
BRDA:192,30,0,5
BRDA:192,30,1,1
BRDA:198,31,0,1
BRDA:198,31,1,9
BRDA:199,32,0,1
BRDA:199,32,1,0
BRDA:203,33,0,1
BRDA:203,33,1,0
BRDA:209,34,0,4
BRDA:209,34,1,6
BRDA:210,35,0,4
BRDA:210,35,1,0
BRDA:220,36,0,1
BRDA:220,36,1,4
BRDA:220,37,0,5
BRDA:220,37,1,1
BRDA:222,38,0,1
BRDA:222,38,1,0
BRDA:228,39,0,2
BRDA:228,39,1,1
BRDA:229,40,0,2
BRDA:229,40,1,0
BRDA:234,41,0,8
BRDA:234,41,1,0
BRF:85
BRH:56
end_of_record
TN:
SF:src/main/command-service.ts
FN:4,buildCommandPrompt
FNF:1
FNH:1
FNDA:5,buildCommandPrompt
DA:12,5
DA:19,5
DA:20,1
DA:23,4
DA:24,4
DA:25,4
DA:26,4
LF:7
LH:7
BRDA:19,0,0,1
BRDA:19,0,1,4
BRF:2
BRH:2
end_of_record
TN:
SF:src/main/config-service.ts
FN:14,hasApiKey
FN:19,setApiKey
FN:28,getApiKey
FN:43,clearApiKey
FN:47,getWorkspacePath
FN:51,getModel
FN:55,setModel
FN:59,getSubscriptionKey
FN:63,setSubscriptionKey
FN:67,clearSubscriptionKey
FN:72,getSubscriptionKeyCache
FN:76,setSubscriptionKeyCache
FN:81,migrateLegacyConfig
FNF:13
FNH:12
FNDA:3,hasApiKey
FNDA:5,setApiKey
FNDA:5,getApiKey
FNDA:1,clearApiKey
FNDA:0,getWorkspacePath
FNDA:2,getModel
FNDA:1,setModel
FNDA:3,getSubscriptionKey
FNDA:2,setSubscriptionKey
FNDA:1,clearSubscriptionKey
FNDA:3,getSubscriptionKeyCache
FNDA:2,setSubscriptionKeyCache
FNDA:1,migrateLegacyConfig
DA:12,1
DA:15,3
DA:16,3
DA:20,5
DA:21,1
DA:22,1
DA:24,4
DA:25,4
DA:29,5
DA:30,5
DA:32,3
DA:33,3
DA:34,1
DA:36,2
DA:37,2
DA:39,1
DA:44,1
DA:48,0
DA:52,2
DA:56,1
DA:60,3
DA:64,2
DA:68,1
DA:69,1
DA:73,3
DA:77,2
DA:83,1
DA:84,1
DA:85,1
LF:29
LH:28
BRDA:20,0,0,1
BRDA:20,0,1,4
BRDA:30,1,0,2
BRDA:30,1,1,3
BRDA:33,2,0,1
BRDA:33,2,1,2
BRDA:52,3,0,2
BRDA:52,3,1,1
BRDA:60,4,0,3
BRDA:60,4,1,2
BRDA:73,5,0,3
BRDA:73,5,1,2
BRF:12
BRH:12
end_of_record
TN:
SF:src/main/session-service.ts
FN:7,listSessions
FN:24,(anonymous_1)
FN:44,(anonymous_2)
FN:50,loadSessionMessages
FN:60,(anonymous_4)
FN:61,(anonymous_5)
FNF:6
FNH:6
FNDA:8,listSessions
FNDA:6,(anonymous_1)
FNDA:1,(anonymous_2)
FNDA:5,loadSessionMessages
FNDA:5,(anonymous_4)
FNDA:4,(anonymous_5)
DA:8,8
DA:9,8
DA:10,8
DA:12,7
DA:13,7
DA:15,7
DA:16,8
DA:17,7
DA:18,7
DA:19,7
DA:20,7
DA:22,7
DA:23,8
DA:24,6
DA:27,8
DA:33,8
DA:34,8
DA:44,7
DA:46,0
DA:54,5
DA:55,5
DA:56,5
DA:57,5
DA:58,5
DA:59,5
DA:60,5
DA:61,4
DA:72,2
LF:28
LH:27
BRDA:10,0,0,1
BRDA:10,0,1,7
BRDA:16,1,0,1
BRDA:16,1,1,7
BRDA:16,2,0,8
BRDA:16,2,1,8
BRDA:22,3,0,7
BRDA:22,3,1,0
BRDA:27,4,0,4
BRDA:27,4,1,2
BRDA:29,5,0,1
BRDA:29,5,1,1
BRDA:58,6,0,5
BRDA:58,6,1,0
BRDA:60,7,0,5
BRDA:60,7,1,2
BRDA:64,8,0,2
BRDA:64,8,1,2
BRDA:66,9,0,1
BRDA:66,9,1,1
BRDA:66,10,0,2
BRDA:66,10,1,2
BRF:22
BRH:20
end_of_record
TN:
SF:src/main/subscription-key-service.ts
FN:14,validateSubscriptionKey
FN:39,checkSubscriptionKeyOnStartup
FNF:2
FNH:2
FNDA:8,validateSubscriptionKey
FNDA:6,checkSubscriptionKeyOnStartup
DA:8,1
DA:9,1
DA:11,1
DA:12,1
DA:15,8
DA:24,6
DA:25,1
DA:28,5
DA:29,4
DA:30,4
DA:31,2
DA:33,2
DA:36,1
DA:40,6
DA:41,0
DA:44,6
DA:45,6
DA:47,6
DA:48,1
DA:51,5
DA:53,5
DA:54,5
DA:55,1
DA:58,4
DA:59,2
DA:60,2
DA:63,2
DA:64,1
DA:66,1
LF:29
LH:28
BRDA:24,0,0,1
BRDA:24,0,1,5
BRDA:28,1,0,4
BRDA:28,1,1,1
BRDA:30,2,0,2
BRDA:30,2,1,2
BRDA:40,3,0,0
BRDA:40,3,1,6
BRDA:40,4,0,6
BRDA:40,4,1,6
BRDA:47,5,0,1
BRDA:47,5,1,5
BRDA:47,6,0,6
BRDA:47,6,1,3
BRDA:54,7,0,1
BRDA:54,7,1,4
BRDA:63,8,0,1
BRDA:63,8,1,1
BRDA:63,9,0,2
BRDA:63,9,1,2
BRDA:66,10,0,1
BRDA:66,10,1,0
BRF:22
BRH:20
end_of_record
TN:
SF:src/main/workspace-service.ts
FN:18,initializeWorkspace
FN:51,copyDirOnce
FN:65,listWorkspaceFiles
FN:90,(anonymous_3)
FN:96,startWatcher
FN:107,(anonymous_5)
FN:109,(anonymous_6)
FN:124,stopWatcher
FN:137,readWorkspaceFile
FN:147,writeContextFile
FN:155,listContextFiles
FN:167,(anonymous_11)
FN:168,(anonymous_12)
FN:169,(anonymous_13)
FN:176,listCurriculumFiles
FN:181,(anonymous_15)
FN:182,(anonymous_16)
FN:183,(anonymous_17)
FN:186,importCurriculumFiles
FN:198,deleteCurriculumFile
FN:202,exportFiles
FN:210,startOutputWatcher
FN:218,(anonymous_22)
FN:220,(anonymous_23)
FN:235,stopOutputWatcher
FNF:25
FNH:18
FNDA:4,initializeWorkspace
FNDA:2,copyDirOnce
FNDA:6,listWorkspaceFiles
FNDA:3,(anonymous_3)
FNDA:1,startWatcher
FNDA:0,(anonymous_5)
FNDA:0,(anonymous_6)
FNDA:3,stopWatcher
FNDA:2,readWorkspaceFile
FNDA:1,writeContextFile
FNDA:3,listContextFiles
FNDA:1,(anonymous_11)
FNDA:1,(anonymous_12)
FNDA:0,(anonymous_13)
FNDA:2,listCurriculumFiles
FNDA:2,(anonymous_15)
FNDA:2,(anonymous_16)
FNDA:1,(anonymous_17)
FNDA:1,importCurriculumFiles
FNDA:2,deleteCurriculumFile
FNDA:1,exportFiles
FNDA:0,startOutputWatcher
FNDA:0,(anonymous_22)
FNDA:0,(anonymous_23)
FNDA:0,stopOutputWatcher
DA:8,1
DA:9,1
DA:11,1
DA:12,1
DA:23,4
DA:24,12
DA:25,12
DA:29,4
DA:30,4
DA:31,4
DA:32,1
DA:36,4
DA:37,4
DA:38,4
DA:39,2
DA:43,4
DA:44,4
DA:45,4
DA:46,0
DA:52,2
DA:53,2
DA:54,2
DA:55,2
DA:56,2
DA:57,2
DA:58,0
DA:59,2
DA:60,1
DA:70,6
DA:71,5
DA:72,5
DA:74,5
DA:75,7
DA:77,5
DA:78,5
DA:84,5
DA:85,2
DA:87,5
DA:90,5
DA:91,3
DA:92,1
DA:100,1
DA:101,1
DA:107,1
DA:108,0
DA:109,0
DA:110,0
DA:111,0
DA:112,0
DA:113,0
DA:118,1
DA:119,1
DA:120,1
DA:121,1
DA:125,3
DA:126,0
DA:127,0
DA:129,3
DA:130,1
DA:131,1
DA:135,1
DA:138,2
DA:139,2
DA:140,1
DA:144,1
DA:148,1
DA:149,1
DA:150,1
DA:152,1
DA:156,3
DA:158,3
DA:159,3
DA:160,1
DA:163,3
DA:164,3
DA:165,1
DA:167,1
DA:168,1
DA:169,0
DA:170,1
DA:173,3
DA:177,2
DA:178,2
DA:179,1
DA:181,2
DA:182,2
DA:183,1
DA:190,1
DA:191,1
DA:192,1
DA:193,1
DA:194,1
DA:199,2
DA:203,1
DA:204,1
DA:205,1
DA:206,1
DA:211,0
DA:212,0
DA:218,0
DA:219,0
DA:220,0
DA:221,0
DA:222,0
DA:223,0
DA:224,0
DA:229,0
DA:230,0
DA:231,0
DA:232,0
DA:236,0
DA:237,0
DA:238,0
DA:240,0
DA:241,0
DA:242,0
LF:116
LH:86
BRDA:25,0,0,9
BRDA:25,0,1,3
BRDA:31,1,0,1
BRDA:31,1,1,3
BRDA:38,2,0,2
BRDA:38,2,1,2
BRDA:45,3,0,0
BRDA:45,3,1,4
BRDA:52,4,0,0
BRDA:52,4,1,2
BRDA:57,5,0,0
BRDA:57,5,1,2
BRDA:59,6,0,1
BRDA:59,6,1,1
BRDA:67,7,0,6
BRDA:68,8,0,6
BRDA:70,9,0,1
BRDA:70,9,1,5
BRDA:75,10,0,2
BRDA:75,10,1,5
BRDA:75,11,0,7
BRDA:75,11,1,6
BRDA:84,12,0,2
BRDA:84,12,1,3
BRDA:84,13,0,5
BRDA:84,13,1,2
BRDA:91,14,0,2
BRDA:91,14,1,1
BRDA:91,15,0,1
BRDA:91,15,1,1
BRDA:108,16,0,0
BRDA:108,16,1,0
BRDA:111,17,0,0
BRDA:111,17,1,0
BRDA:125,18,0,0
BRDA:125,18,1,3
BRDA:129,19,0,1
BRDA:129,19,1,2
BRDA:139,20,0,1
BRDA:139,20,1,1
BRDA:149,21,0,1
BRDA:149,21,1,0
BRDA:159,22,0,1
BRDA:159,22,1,2
BRDA:164,23,0,1
BRDA:164,23,1,2
BRDA:178,24,0,1
BRDA:178,24,1,1
BRDA:191,25,0,1
BRDA:191,25,1,0
BRDA:199,26,0,1
BRDA:199,26,1,1
BRDA:203,27,0,1
BRDA:203,27,1,0
BRDA:219,28,0,0
BRDA:219,28,1,0
BRDA:222,29,0,0
BRDA:222,29,1,0
BRDA:236,30,0,0
BRDA:236,30,1,0
BRDA:240,31,0,0
BRDA:240,31,1,0
BRF:62
BRH:43
end_of_record
TN:
SF:src/renderer/App.tsx
FN:14,App
FN:25,(anonymous_1)
FN:26,(anonymous_2)
FN:27,(anonymous_3)
FN:31,(anonymous_4)
FN:32,(anonymous_5)
FN:39,(anonymous_6)
FN:43,(anonymous_7)
FN:63,(anonymous_8)
FN:72,(anonymous_9)
FN:86,(anonymous_10)
FN:99,(anonymous_11)
FN:100,(anonymous_12)
FN:104,(anonymous_13)
FN:108,(anonymous_14)
FN:115,(anonymous_15)
FN:117,(anonymous_16)
FNF:17
FNH:8
FNDA:29,App
FNDA:8,(anonymous_1)
FNDA:5,(anonymous_2)
FNDA:8,(anonymous_3)
FNDA:8,(anonymous_4)
FNDA:7,(anonymous_5)
FNDA:0,(anonymous_6)
FNDA:15,(anonymous_7)
FNDA:0,(anonymous_8)
FNDA:0,(anonymous_9)
FNDA:1,(anonymous_10)
FNDA:0,(anonymous_11)
FNDA:0,(anonymous_12)
FNDA:0,(anonymous_13)
FNDA:0,(anonymous_14)
FNDA:0,(anonymous_15)
FNDA:0,(anonymous_16)
DA:15,29
DA:16,29
DA:17,29
DA:18,29
DA:19,29
DA:20,29
DA:21,29
DA:22,29
DA:23,29
DA:25,29
DA:26,8
DA:27,8
DA:31,29
DA:32,8
DA:33,7
DA:34,6
DA:36,1
DA:37,1
DA:39,0
DA:43,29
DA:44,15
DA:45,7
DA:46,3
DA:48,4
DA:49,4
DA:53,29
DA:54,22
DA:57,6
DA:58,1
DA:63,0
DA:69,5
DA:70,1
DA:73,0
DA:74,0
DA:75,0
DA:82,4
DA:83,2
DA:87,1
DA:88,1
DA:94,2
DA:99,0
DA:100,0
DA:105,0
DA:106,0
DA:108,0
DA:115,0
DA:117,0
LF:47
LH:35
BRDA:33,0,0,6
BRDA:33,0,1,1
BRDA:33,1,0,7
BRDA:33,1,1,2
BRDA:44,2,0,8
BRDA:44,2,1,7
BRDA:45,3,0,3
BRDA:45,3,1,4
BRDA:49,4,0,1
BRDA:49,4,1,3
BRDA:53,5,0,22
BRDA:53,5,1,7
BRDA:53,6,0,29
BRDA:53,6,1,20
BRDA:53,6,2,6
BRDA:57,7,0,1
BRDA:57,7,1,5
BRDA:69,8,0,1
BRDA:69,8,1,4
BRDA:75,9,0,0
BRDA:75,9,1,0
BRDA:82,10,0,2
BRDA:82,10,1,2
BRDA:85,11,0,2
BRDA:85,11,1,0
BRDA:97,12,0,2
BRDA:97,12,1,0
BRDA:102,13,0,29
BRDA:102,13,1,0
BRDA:111,14,0,29
BRDA:111,14,1,0
BRDA:114,15,0,0
BRDA:114,15,1,0
BRF:33
BRH:25
end_of_record
TN:
SF:src/renderer/components/HowToUseModal.tsx
FN:44,HowToUseModal
FN:64,(anonymous_1)
FN:72,(anonymous_2)
FNF:3
FNH:3
FNDA:4,HowToUseModal
FNDA:12,(anonymous_1)
FNDA:24,(anonymous_2)
DA:14,1
DA:45,4
DA:65,12
DA:73,24
LF:4
LH:4
BRF:0
BRH:0
end_of_record
TN:
SF:src/renderer/components/LoadingScreen.tsx
FN:4,LoadingScreen
FNF:1
FNH:1
FNDA:23,LoadingScreen
DA:5,23
LF:1
LH:1
BRF:0
BRH:0
end_of_record
TN:
SF:src/renderer/components/MainLayout.tsx
FN:25,flattenFiles
FN:37,MainLayout
FN:51,(anonymous_2)
FN:58,(anonymous_3)
FN:63,(anonymous_4)
FN:67,(anonymous_5)
FN:72,(anonymous_6)
FN:76,(anonymous_7)
FN:89,(anonymous_8)
FN:118,(anonymous_9)
FN:128,(anonymous_10)
FN:155,(anonymous_11)
FN:192,(anonymous_12)
FN:206,(anonymous_13)
FN:228,(anonymous_14)
FN:266,(anonymous_15)
FN:273,(anonymous_16)
FN:278,(anonymous_17)
FNF:18
FNH:16
FNDA:1,flattenFiles
FNDA:70,MainLayout
FNDA:17,(anonymous_2)
FNDA:17,(anonymous_3)
FNDA:0,(anonymous_4)
FNDA:1,(anonymous_5)
FNDA:1,(anonymous_6)
FNDA:1,(anonymous_7)
FNDA:1,(anonymous_8)
FNDA:0,(anonymous_9)
FNDA:2,(anonymous_10)
FNDA:2,(anonymous_11)
FNDA:2,(anonymous_12)
FNDA:2,(anonymous_13)
FNDA:3,(anonymous_14)
FNDA:1,(anonymous_15)
FNDA:1,(anonymous_16)
FNDA:1,(anonymous_17)
DA:26,1
DA:27,1
DA:28,1
DA:29,0
DA:30,1
DA:31,1
DA:34,1
DA:38,70
DA:39,70
DA:40,70
DA:41,70
DA:42,70
DA:43,70
DA:44,70
DA:45,70
DA:46,70
DA:47,70
DA:50,70
DA:51,70
DA:52,17
DA:53,17
DA:58,70
DA:59,17
DA:60,17
DA:63,70
DA:64,0
DA:67,70
DA:68,1
DA:69,1
DA:72,70
DA:73,1
DA:74,1
DA:75,1
DA:76,1
DA:82,1
DA:83,1
DA:85,0
DA:89,70
DA:90,1
DA:91,1
DA:92,1
DA:95,70
DA:118,0
DA:129,2
DA:130,2
DA:155,2
DA:192,2
DA:206,2
DA:228,3
DA:266,1
DA:273,1
DA:278,1
LF:52
LH:48
BRDA:28,0,0,0
BRDA:28,0,1,1
BRDA:28,1,0,1
BRDA:28,1,1,0
BRDA:30,2,0,1
BRDA:30,2,1,0
BRDA:52,3,0,17
BRDA:52,3,1,0
BRDA:91,4,0,0
BRDA:91,4,1,1
BRDA:109,5,0,70
BRDA:109,5,1,0
BRDA:111,6,0,70
BRDA:111,6,1,0
BRDA:120,7,0,65
BRDA:120,7,1,5
BRDA:133,8,0,5
BRDA:133,8,1,65
BRDA:144,9,0,65
BRDA:144,9,1,5
BRDA:152,10,0,8
BRDA:152,10,1,57
BRDA:162,11,0,65
BRDA:162,11,1,8
BRDA:176,12,0,5
BRDA:176,12,1,0
BRDA:232,13,0,2
BRDA:232,13,1,68
BRDA:234,14,0,70
BRDA:234,14,1,1
BRDA:242,15,0,70
BRDA:242,15,1,2
BRDA:262,16,0,70
BRDA:262,16,1,2
BRDA:270,17,0,70
BRDA:270,17,1,2
BRDA:277,18,0,70
BRDA:277,18,1,2
BRF:38
BRH:30
end_of_record
TN:
SF:src/renderer/components/Chat/ChatInput.tsx
FN:9,ChatInput
FN:14,(anonymous_1)
FN:18,(anonymous_2)
FN:29,(anonymous_3)
FN:36,(anonymous_4)
FNF:5
FNH:5
FNDA:65,ChatInput
FNDA:22,(anonymous_1)
FNDA:3,(anonymous_2)
FNDA:40,(anonymous_3)
FNDA:38,(anonymous_4)
DA:10,65
DA:11,65
DA:12,65
DA:14,65
DA:15,22
DA:18,65
DA:19,3
DA:20,3
DA:21,3
DA:22,3
DA:23,3
DA:24,3
DA:25,3
DA:29,65
DA:30,40
DA:31,1
DA:32,1
DA:36,65
DA:37,38
DA:38,38
DA:39,38
DA:40,38
DA:43,65
LF:23
LH:23
BRDA:15,0,0,13
BRDA:15,0,1,9
BRDA:20,1,0,0
BRDA:20,1,1,3
BRDA:20,2,0,3
BRDA:20,2,1,3
BRDA:20,2,2,3
BRDA:24,3,0,3
BRDA:24,3,1,0
BRDA:30,4,0,1
BRDA:30,4,1,39
BRDA:30,5,0,40
BRDA:30,5,1,2
BRDA:56,6,0,9
BRDA:56,6,1,56
BRF:15
BRH:13
end_of_record
TN:
SF:src/renderer/components/Chat/ChatView.tsx
FN:25,ChatView
FN:37,(anonymous_1)
FN:41,handleModelChange
FN:47,(anonymous_3)
FN:62,(anonymous_4)
FN:113,(anonymous_5)
FN:134,getStreamingStatus
FN:150,StreamingTextInline
FNF:8
FNH:8
FNDA:15,ChatView
FNDA:12,(anonymous_1)
FNDA:1,handleModelChange
FNDA:12,(anonymous_3)
FNDA:45,(anonymous_4)
FNDA:18,(anonymous_5)
FNDA:6,getStreamingStatus
FNDA:2,StreamingTextInline
DA:9,1
DA:34,15
DA:35,15
DA:37,15
DA:38,12
DA:42,1
DA:43,1
DA:44,1
DA:47,15
DA:48,12
DA:51,15
DA:63,45
DA:114,18
DA:135,6
DA:136,2
DA:145,2
DA:147,4
DA:151,2
LF:18
LH:18
BRDA:71,0,0,15
BRDA:71,0,1,14
BRDA:71,0,2,8
BRDA:83,1,0,15
BRDA:83,1,1,6
BRDA:83,1,2,2
BRDA:97,2,0,15
BRDA:97,2,1,2
BRDA:100,3,0,15
BRDA:100,3,1,1
BRDA:110,4,0,15
BRDA:110,4,1,6
BRDA:135,5,0,2
BRDA:135,5,1,4
BRDA:145,6,0,2
BRDA:145,6,1,0
BRDA:147,7,0,2
BRDA:147,7,1,2
BRF:18
BRH:17
end_of_record
TN:
SF:src/renderer/components/Chat/MessageBubble.tsx
FN:10,MessageBubble
FNF:1
FNH:1
FNDA:8,MessageBubble
DA:11,8
DA:13,8
LF:2
LH:2
BRDA:14,0,0,4
BRDA:14,0,1,4
BRDA:17,1,0,4
BRDA:17,1,1,4
BRDA:20,2,0,4
BRDA:20,2,1,4
BRDA:24,3,0,4
BRDA:24,3,1,4
BRDA:29,4,0,4
BRDA:29,4,1,4
BRF:10
BRH:10
end_of_record
TN:
SF:src/renderer/components/Chat/MessageList.tsx
FN:9,MessageList
FN:12,(anonymous_1)
FNF:2
FNH:2
FNDA:16,MessageList
FNDA:3,(anonymous_1)
DA:10,16
DA:13,3
LF:2
LH:2
BRF:0
BRH:0
end_of_record
TN:
SF:src/renderer/components/Chat/ToolIndicator.tsx
FN:17,ToolIndicator
FN:23,(anonymous_1)
FNF:2
FNH:2
FNDA:6,ToolIndicator
FNDA:18,(anonymous_1)
DA:7,2
DA:18,6
DA:20,6
DA:24,18
LF:4
LH:4
BRDA:18,0,0,6
BRDA:18,0,1,1
BRF:2
BRH:2
end_of_record
TN:
SF:src/renderer/components/Commands/CommandPanel.tsx
FN:39,CommandPanel
FN:43,(anonymous_1)
FN:48,(anonymous_2)
FN:58,(anonymous_3)
FN:63,(anonymous_4)
FN:66,(anonymous_5)
FN:87,(anonymous_6)
FN:90,(anonymous_7)
FN:93,(anonymous_8)
FNF:9
FNH:7
FNDA:16,CommandPanel
FNDA:7,(anonymous_1)
FNDA:2,(anonymous_2)
FNDA:35,(anonymous_3)
FNDA:48,(anonymous_4)
FNDA:7,(anonymous_5)
FNDA:2,(anonymous_6)
FNDA:0,(anonymous_7)
FNDA:0,(anonymous_8)
DA:18,1
DA:40,16
DA:41,16
DA:43,16
DA:44,7
DA:45,7
DA:48,16
DA:49,2
DA:50,2
DA:51,2
DA:52,1
DA:54,1
DA:58,35
DA:60,16
DA:64,48
DA:66,7
DA:87,2
DA:90,0
DA:93,0
LF:19
LH:17
BRDA:44,0,0,1
BRDA:44,0,1,6
BRDA:54,1,0,1
BRDA:54,1,1,0
BRDA:68,2,0,8
BRDA:68,2,1,40
BRDA:78,3,0,16
BRDA:78,3,1,8
BRDA:80,4,0,8
BRDA:80,4,1,8
BRDA:83,5,0,8
BRDA:83,5,1,2
BRDA:86,6,0,8
BRDA:86,6,1,6
BRDA:89,7,0,8
BRDA:89,7,1,1
BRDA:92,8,0,8
BRDA:92,8,1,1
BRF:18
BRH:17
end_of_record
TN:
SF:src/renderer/components/Commands/LessonPlanForm.tsx
FN:7,LessonPlanForm
FN:14,(anonymous_1)
FN:36,(anonymous_2)
FN:45,(anonymous_3)
FN:54,(anonymous_4)
FN:56,(anonymous_5)
FN:66,(anonymous_6)
FN:75,(anonymous_7)
FNF:8
FNH:6
FNDA:69,LessonPlanForm
FNDA:5,(anonymous_1)
FNDA:29,(anonymous_2)
FNDA:14,(anonymous_3)
FNDA:0,(anonymous_4)
FNDA:621,(anonymous_5)
FNDA:0,(anonymous_6)
FNDA:16,(anonymous_7)
DA:8,69
DA:9,69
DA:10,69
DA:11,69
DA:12,69
DA:14,69
DA:15,5
DA:24,5
DA:27,69
DA:29,69
DA:36,29
DA:45,14
DA:54,0
DA:57,621
DA:66,0
DA:75,16
DA:92,2
DA:104,2
DA:106,2
DA:108,2
LF:20
LH:18
BRDA:20,0,0,5
BRDA:20,0,1,1
BRDA:27,1,0,69
BRDA:27,1,1,60
BRF:4
BRH:4
end_of_record
TN:
SF:src/renderer/components/Commands/ReportCommentsForm.tsx
FN:7,ReportCommentsForm
FN:14,(anonymous_1)
FN:36,(anonymous_2)
FN:42,(anonymous_3)
FN:43,(anonymous_4)
FN:53,(anonymous_5)
FN:63,(anonymous_6)
FN:72,(anonymous_7)
FNF:8
FNH:5
FNDA:23,ReportCommentsForm
FNDA:1,(anonymous_1)
FNDA:6,(anonymous_2)
FNDA:0,(anonymous_3)
FNDA:115,(anonymous_4)
FNDA:13,(anonymous_5)
FNDA:0,(anonymous_6)
FNDA:0,(anonymous_7)
DA:8,23
DA:9,23
DA:10,23
DA:11,23
DA:12,23
DA:14,23
DA:15,1
DA:24,1
DA:27,23
DA:29,23
DA:36,6
DA:42,0
DA:44,115
DA:53,13
DA:63,0
DA:72,0
DA:85,2
DA:86,2
DA:87,2
LF:19
LH:16
BRDA:19,0,0,1
BRDA:19,0,1,0
BRDA:20,1,0,1
BRDA:20,1,1,0
BRDA:27,2,0,23
BRDA:27,2,1,19
BRF:6
BRH:4
end_of_record
TN:
SF:src/renderer/components/Commands/UnitPlanForm.tsx
FN:7,UnitPlanForm
FN:14,(anonymous_1)
FN:36,(anonymous_2)
FN:45,(anonymous_3)
FN:54,(anonymous_4)
FN:56,(anonymous_5)
FN:66,(anonymous_6)
FN:75,(anonymous_7)
FNF:8
FNH:5
FNDA:24,UnitPlanForm
FNDA:1,(anonymous_1)
FNDA:14,(anonymous_2)
FNDA:6,(anonymous_3)
FNDA:0,(anonymous_4)
FNDA:168,(anonymous_5)
FNDA:0,(anonymous_6)
FNDA:0,(anonymous_7)
DA:8,24
DA:9,24
DA:10,24
DA:11,24
DA:12,24
DA:14,24
DA:15,1
DA:24,1
DA:27,24
DA:29,24
DA:36,14
DA:45,6
DA:54,0
DA:57,168
DA:66,0
DA:75,0
DA:88,2
DA:89,2
DA:90,2
LF:19
LH:16
BRDA:20,0,0,1
BRDA:20,0,1,0
BRDA:27,1,0,24
BRDA:27,1,1,20
BRF:4
BRH:3
end_of_record
TN:
SF:src/renderer/components/Files/ManageFilesModal.tsx
FN:14,ManageFilesModal
FN:22,(anonymous_1)
FN:27,(anonymous_2)
FN:28,(anonymous_3)
FN:36,(anonymous_4)
FN:38,(anonymous_5)
FN:40,(anonymous_6)
FN:42,(anonymous_7)
FN:51,(anonymous_8)
FN:52,(anonymous_9)
FN:57,(anonymous_10)
FN:67,(anonymous_11)
FN:76,(anonymous_12)
FN:77,(anonymous_13)
FN:103,(anonymous_14)
FN:106,(anonymous_15)
FN:122,(anonymous_16)
FN:132,(anonymous_17)
FN:152,(anonymous_18)
FN:155,(anonymous_19)
FN:175,(anonymous_20)
FN:179,(anonymous_21)
FN:185,(anonymous_22)
FNF:23
FNH:19
FNDA:30,ManageFilesModal
FNDA:10,(anonymous_1)
FNDA:10,(anonymous_2)
FNDA:10,(anonymous_3)
FNDA:0,(anonymous_4)
FNDA:12,(anonymous_5)
FNDA:0,(anonymous_6)
FNDA:2,(anonymous_7)
FNDA:1,(anonymous_8)
FNDA:1,(anonymous_9)
FNDA:1,(anonymous_10)
FNDA:1,(anonymous_11)
FNDA:1,(anonymous_12)
FNDA:1,(anonymous_13)
FNDA:60,(anonymous_14)
FNDA:4,(anonymous_15)
FNDA:0,(anonymous_16)
FNDA:1,(anonymous_17)
FNDA:11,(anonymous_18)
FNDA:2,(anonymous_19)
FNDA:7,(anonymous_20)
FNDA:0,(anonymous_21)
FNDA:1,(anonymous_22)
DA:15,30
DA:16,30
DA:17,30
DA:18,30
DA:19,30
DA:20,30
DA:22,30
DA:23,10
DA:24,10
DA:27,30
DA:28,10
DA:30,10
DA:31,10
DA:32,10
DA:33,0
DA:35,10
DA:36,0
DA:38,30
DA:39,12
DA:40,0
DA:42,30
DA:43,2
DA:44,2
DA:45,2
DA:47,0
DA:51,30
DA:52,1
DA:53,1
DA:54,1
DA:57,30
DA:58,1
DA:59,1
DA:60,1
DA:61,1
DA:63,1
DA:67,30
DA:68,1
DA:69,1
DA:70,1
DA:72,0
DA:76,30
DA:77,1
DA:78,1
DA:79,1
DA:82,30
DA:104,60
DA:106,4
DA:122,0
DA:132,1
DA:153,11
DA:155,2
DA:176,7
DA:179,0
DA:185,1
LF:54
LH:47
BRDA:32,0,0,10
BRDA:32,0,1,0
BRDA:32,1,0,10
BRDA:32,1,1,10
BRDA:32,2,0,0
BRDA:32,2,1,0
BRDA:53,3,0,0
BRDA:53,3,1,1
BRDA:78,4,0,0
BRDA:78,4,1,1
BRDA:108,5,0,30
BRDA:108,5,1,30
BRDA:113,6,0,30
BRDA:113,6,1,30
BRDA:119,7,0,30
BRDA:119,7,1,0
BRDA:128,8,0,2
BRDA:128,8,1,28
BRDA:143,9,0,21
BRDA:143,9,1,7
BRDA:148,10,0,10
BRDA:148,10,1,11
BRDA:171,11,0,0
BRDA:171,11,1,7
BRDA:200,12,0,30
BRDA:200,12,1,28
BRDA:202,13,0,21
BRDA:202,13,1,7
BRDA:219,14,0,1
BRDA:219,14,1,6
BRF:30
BRH:23
end_of_record
TN:
SF:src/renderer/components/Settings/ApiKeyDialog.tsx
FN:9,ApiKeyDialog
FN:14,(anonymous_1)
FN:45,(anonymous_2)
FN:53,(anonymous_3)
FNF:4
FNH:4
FNDA:65,ApiKeyDialog
FNDA:4,(anonymous_1)
FNDA:47,(anonymous_2)
FNDA:48,(anonymous_3)
DA:10,65
DA:11,65
DA:12,65
DA:14,65
DA:15,4
DA:16,1
DA:17,1
DA:19,3
DA:20,3
DA:21,3
DA:23,1
DA:25,3
DA:29,65
DA:46,47
DA:47,47
DA:53,48
LF:16
LH:16
BRDA:15,0,0,1
BRDA:15,0,1,3
BRDA:23,1,0,1
BRDA:23,1,1,0
BRDA:33,2,0,3
BRDA:33,2,1,62
BRDA:53,3,0,48
BRDA:53,3,1,1
BRDA:56,4,0,65
BRDA:56,4,1,2
BRDA:61,5,0,65
BRDA:61,5,1,3
BRDA:61,5,2,3
BRDA:71,6,0,65
BRDA:71,6,1,54
BRDA:75,7,0,3
BRDA:75,7,1,62
BRF:17
BRH:16
end_of_record
TN:
SF:src/renderer/components/Setup/SubscriptionKeyDialog.tsx
FN:10,SubscriptionKeyDialog
FN:16,(anonymous_1)
FN:21,(anonymous_2)
FN:39,(anonymous_3)
FN:59,(anonymous_4)
FN:66,(anonymous_5)
FNF:6
FNH:6
FNDA:71,SubscriptionKeyDialog
FNDA:11,(anonymous_1)
FNDA:4,(anonymous_2)
FNDA:1,(anonymous_3)
FNDA:47,(anonymous_4)
FNDA:48,(anonymous_5)
DA:3,2
DA:11,71
DA:12,71
DA:13,71
DA:14,71
DA:16,71
DA:17,11
DA:18,11
DA:21,71
DA:22,4
DA:23,4
DA:24,4
DA:25,4
DA:26,4
DA:27,3
DA:28,2
DA:30,1
DA:33,1
DA:35,4
DA:39,71
DA:40,1
DA:41,1
DA:42,1
DA:43,1
DA:46,71
DA:60,47
DA:61,47
DA:66,48
LF:28
LH:28
BRDA:11,0,0,71
BRDA:11,0,1,66
BRDA:17,1,0,11
BRDA:17,1,1,7
BRDA:22,2,0,0
BRDA:22,2,1,4
BRDA:27,3,0,2
BRDA:27,3,1,1
BRDA:66,4,0,48
BRDA:66,4,1,1
BRDA:69,5,0,71
BRDA:69,5,1,2
BRDA:86,6,0,71
BRDA:86,6,1,63
BRDA:89,7,0,4
BRDA:89,7,1,67
BRDA:92,8,0,71
BRDA:92,8,1,4
BRF:18
BRH:17
end_of_record
TN:
SF:src/renderer/components/Sidebar/FileBrowser.tsx
FN:23,FileBrowser
FN:28,(anonymous_1)
FN:29,(anonymous_2)
FN:31,(anonymous_3)
FN:45,(anonymous_4)
FN:46,(anonymous_5)
FN:61,(anonymous_6)
FN:75,FileNode
FN:130,(anonymous_8)
FN:153,(anonymous_9)
FN:165,(anonymous_10)
FN:179,FileIcon
FNF:12
FNH:12
FNDA:18,FileBrowser
FNDA:8,(anonymous_1)
FNDA:8,(anonymous_2)
FNDA:14,(anonymous_3)
FNDA:2,(anonymous_4)
FNDA:2,(anonymous_5)
FNDA:50,(anonymous_6)
FNDA:57,FileNode
FNDA:4,(anonymous_8)
FNDA:1,(anonymous_9)
FNDA:7,(anonymous_10)
FNDA:43,FileIcon
DA:24,18
DA:25,18
DA:28,18
DA:29,8
DA:30,8
DA:31,8
DA:32,14
DA:33,29
DA:34,6
DA:35,6
DA:36,6
DA:40,8
DA:41,8
DA:45,18
DA:46,2
DA:47,2
DA:48,2
DA:49,1
DA:50,2
DA:54,18
DA:55,2
DA:59,16
DA:62,50
DA:88,57
DA:89,57
DA:90,57
DA:93,57
DA:122,57
DA:123,57
DA:125,57
DA:131,4
DA:132,2
DA:154,1
DA:155,1
DA:166,7
DA:180,43
DA:182,43
DA:183,22
DA:184,20
DA:185,18
DA:186,16
DA:187,14
DA:188,10
DA:189,6
DA:190,6
DA:192,2
LF:46
LH:46
BRDA:33,0,0,6
BRDA:33,0,1,23
BRDA:33,1,0,29
BRDA:33,1,1,6
BRDA:36,2,0,6
BRDA:36,2,1,0
BRDA:48,3,0,1
BRDA:48,3,1,1
BRDA:54,4,0,2
BRDA:54,4,1,16
BRDA:89,5,0,57
BRDA:89,5,1,43
BRDA:90,6,0,57
BRDA:90,6,1,43
BRDA:96,7,0,14
BRDA:96,7,1,43
BRDA:97,8,0,7
BRDA:97,8,1,7
BRDA:107,9,0,14
BRDA:107,9,1,43
BRDA:108,10,0,7
BRDA:108,10,1,7
BRDA:128,11,0,35
BRDA:128,11,1,22
BRDA:131,12,0,2
BRDA:131,12,1,2
BRDA:135,13,0,14
BRDA:135,13,1,21
BRDA:151,14,0,57
BRDA:151,14,1,43
BRDA:165,15,0,57
BRDA:165,15,1,14
BRDA:165,15,2,7
BRDA:180,16,0,43
BRDA:180,16,1,0
BRDA:182,17,0,21
BRDA:182,17,1,22
BRDA:183,18,0,2
BRDA:183,18,1,20
BRDA:184,19,0,2
BRDA:184,19,1,18
BRDA:185,20,0,2
BRDA:185,20,1,16
BRDA:186,21,0,2
BRDA:186,21,1,14
BRDA:187,22,0,4
BRDA:187,22,1,10
BRDA:187,23,0,14
BRDA:187,23,1,12
BRDA:188,24,0,4
BRDA:188,24,1,6
BRDA:188,25,0,10
BRDA:188,25,1,8
BRDA:189,26,0,4
BRDA:189,26,1,2
BRF:55
BRH:53
end_of_record
TN:
SF:src/renderer/components/Sidebar/FilePreviewModal.tsx
FN:12,FilePreviewModal
FN:16,(anonymous_1)
FN:21,(anonymous_2)
FN:25,(anonymous_3)
FN:26,(anonymous_4)
FN:30,(anonymous_5)
FN:36,(anonymous_6)
FN:48,(anonymous_7)
FNF:8
FNH:7
FNDA:10,FilePreviewModal
FNDA:7,(anonymous_1)
FNDA:1,(anonymous_2)
FNDA:7,(anonymous_3)
FNDA:1,(anonymous_4)
FNDA:7,(anonymous_5)
FNDA:2,(anonymous_6)
FNDA:0,(anonymous_7)
DA:13,10
DA:14,10
DA:16,10
DA:17,7
DA:18,7
DA:19,7
DA:21,1
DA:25,10
DA:26,7
DA:27,1
DA:29,7
DA:30,7
DA:33,10
DA:36,2
DA:48,0
LF:15
LH:14
BRDA:21,0,0,1
BRDA:21,0,1,0
BRDA:27,1,0,1
BRDA:27,1,1,0
BRDA:36,2,0,1
BRDA:36,2,1,1
BRDA:66,3,0,10
BRDA:66,3,1,8
BRDA:66,3,2,7
BRDA:69,4,0,10
BRDA:69,4,1,1
BRDA:72,5,0,10
BRDA:72,5,1,1
BRF:13
BRH:11
end_of_record
TN:
SF:src/renderer/components/Sidebar/SessionList.tsx
FN:11,SessionList
FN:38,(anonymous_1)
FN:41,(anonymous_2)
FN:56,formatDate
FNF:4
FNH:4
FNDA:6,SessionList
FNDA:5,(anonymous_1)
FNDA:1,(anonymous_2)
FNDA:5,formatDate
DA:12,6
DA:13,1
DA:20,5
DA:21,1
DA:28,4
DA:29,1
DA:36,3
DA:39,5
DA:41,1
DA:57,5
DA:58,5
LF:11
LH:11
BRDA:12,0,0,1
BRDA:12,0,1,5
BRDA:20,1,0,1
BRDA:20,1,1,4
BRDA:28,2,0,1
BRDA:28,2,1,3
BRDA:45,3,0,5
BRDA:45,3,1,1
BRF:8
BRH:8
end_of_record
TN:
SF:src/renderer/hooks/useChat.ts
FN:26,createId
FN:30,reducer
FN:67,(anonymous_2)
FN:145,useChat
FN:150,(anonymous_4)
FN:152,(anonymous_5)
FN:155,(anonymous_6)
FN:158,(anonymous_7)
FN:159,(anonymous_8)
FN:162,(anonymous_9)
FN:165,(anonymous_10)
FN:170,(anonymous_11)
FN:170,(anonymous_12)
FN:174,(anonymous_13)
FN:185,(anonymous_14)
FN:190,(anonymous_15)
FN:194,(anonymous_16)
FN:198,(anonymous_17)
FNF:18
FNH:17
FNDA:6,createId
FNDA:39,reducer
FNDA:0,(anonymous_2)
FNDA:101,useChat
FNDA:30,(anonymous_4)
FNDA:2,(anonymous_5)
FNDA:1,(anonymous_6)
FNDA:1,(anonymous_7)
FNDA:1,(anonymous_8)
FNDA:1,(anonymous_9)
FNDA:2,(anonymous_10)
FNDA:30,(anonymous_11)
FNDA:180,(anonymous_12)
FNDA:5,(anonymous_13)
FNDA:1,(anonymous_14)
FNDA:1,(anonymous_15)
FNDA:3,(anonymous_16)
FNDA:20,(anonymous_17)
DA:27,6
DA:31,39
DA:33,19
DA:36,5
DA:54,2
DA:60,1
DA:63,1
DA:67,1
DA:68,1
DA:86,2
DA:95,3
DA:104,1
DA:112,1
DA:122,3
DA:132,0
DA:136,2
DA:146,101
DA:147,101
DA:148,101
DA:150,101
DA:151,30
DA:153,2
DA:156,1
DA:158,1
DA:160,1
DA:163,1
DA:166,2
DA:169,30
DA:170,180
DA:173,101
DA:175,5
DA:176,5
DA:177,5
DA:179,1
DA:185,101
DA:186,1
DA:187,1
DA:190,101
DA:191,1
DA:194,101
DA:195,3
DA:198,101
DA:199,20
DA:200,19
DA:201,19
DA:202,19
DA:203,19
DA:208,1
DA:212,101
LF:49
LH:48
BRDA:31,0,0,19
BRDA:31,0,1,5
BRDA:31,0,2,2
BRDA:31,0,3,1
BRDA:31,0,4,1
BRDA:31,0,5,1
BRDA:31,0,6,2
BRDA:31,0,7,3
BRDA:31,0,8,1
BRDA:31,0,9,1
BRDA:31,0,10,3
BRDA:31,0,11,0
BRDA:91,1,0,2
BRDA:91,1,1,1
BRDA:175,2,0,5
BRDA:175,2,1,3
BRDA:179,3,0,1
BRDA:179,3,1,0
BRDA:199,4,0,1
BRDA:199,4,1,19
BRDA:208,5,0,1
BRDA:208,5,1,1
BRF:22
BRH:20
end_of_record
TN:
SF:src/renderer/hooks/useConfig.ts
FN:3,useConfig
FN:7,(anonymous_1)
FN:8,(anonymous_2)
FN:14,(anonymous_3)
FN:19,(anonymous_4)
FNF:5
FNH:5
FNDA:39,useConfig
FNDA:13,(anonymous_1)
FNDA:11,(anonymous_2)
FNDA:1,(anonymous_3)
FNDA:1,(anonymous_4)
DA:4,39
DA:5,39
DA:7,39
DA:8,13
DA:9,11
DA:10,11
DA:14,39
DA:15,1
DA:16,1
DA:19,39
DA:20,1
DA:21,1
DA:24,39
LF:13
LH:13
BRF:0
BRH:0
end_of_record
TN:
SF:src/renderer/hooks/useSessions.ts
FN:4,useSessions
FN:9,(anonymous_1)
FNF:2
FNH:2
FNDA:77,useSessions
FNDA:5,(anonymous_1)
DA:5,77
DA:6,77
DA:7,77
DA:9,77
DA:10,5
DA:11,5
DA:12,5
DA:13,5
DA:14,3
DA:16,2
DA:18,5
DA:22,77
LF:12
LH:12
BRDA:16,0,0,1
BRDA:16,0,1,1
BRF:2
BRH:2
end_of_record
TN:
SF:src/renderer/hooks/useTheme.ts
FN:5,useTheme
FN:6,(anonymous_1)
FN:10,(anonymous_2)
FN:20,(anonymous_3)
FN:20,(anonymous_4)
FNF:5
FNH:5
FNDA:108,useTheme
FNDA:31,(anonymous_1)
FNDA:34,(anonymous_2)
FNDA:3,(anonymous_3)
FNDA:3,(anonymous_4)
DA:6,108
DA:7,31
DA:10,108
DA:11,34
DA:12,34
DA:13,30
DA:15,4
DA:17,34
DA:20,108
DA:22,108
LF:10
LH:10
BRDA:7,0,0,31
BRDA:7,0,1,8
BRDA:12,1,0,30
BRDA:12,1,1,4
BRDA:20,2,0,2
BRDA:20,2,1,1
BRF:6
BRH:6
end_of_record
TN:
SF:src/renderer/hooks/useWorkspace.ts
FN:4,useWorkspace
FN:8,(anonymous_1)
FN:9,(anonymous_2)
FN:14,(anonymous_3)
FNF:4
FNH:4
FNDA:34,useWorkspace
FNDA:11,(anonymous_1)
FNDA:11,(anonymous_2)
FNDA:1,(anonymous_3)
DA:5,34
DA:6,34
DA:8,34
DA:9,11
DA:10,11
DA:11,11
DA:14,11
DA:15,1
DA:18,11
DA:21,34
LF:10
LH:10
BRF:0
BRH:0
end_of_record
